2022-07-05 15:06:34 -  - exec CUpdateClientPartner::SearchModulesEx
2022-07-05 15:06:34 -  - exec CUpdateClientPartner::__CollectRequestData
2022-07-05 15:06:34 -  - utf=Y&lang=ru&stable=Y&CANGZIP=Y&SUPD_DBS=MYSQL&XE=N&CLIENT_SITE=newsite&LICENSE_KEY=X&SUPD_STS=1&SUPD_URS=0&SUPD_URSA=1&TYPENC=D&CLIENT_PHPVER=8.0.18&NGINX=Y&dbv=8.0.29&instm=main%2C22.0.300%2CY%3Bb24connector%2C21.100.0%2CN%3Bbitrix.sitecorporate%2C15.5.0%2CN%3Bbitrixcloud%2C22.0.0%2CN%3Bclouds%2C22.0.0%2CN%3Bfileman%2C22.0.0%2CN%3Bhighloadblock%2C22.200.0%2CN%3Biblock%2C21.800.300%2CN%3Blanding%2C21.1300.200%2CN%3Bmessageservice%2C22.200.100%2CN%3Bperfmon%2C21.0.0%2CN%3Brest%2C22.0.100%2CN%3Bsearch%2C22.0.0%2CN%3Bseo%2C22.0.200%2CN%3Bsocialservices%2C22.0.250%2CN%3Btranslate%2C21.100.0%2CN%3Bui%2C22.400.50%2CN&search_module_id=&search_module=&search_category=7%2C14&search_type=&search_order=DESC&search_order_by=SORT&search_page=1&SUPD_SRS=RU&SUPD_CMP=N
2022-07-05 15:06:34 -  - exec CUpdateClientPartner::GetHTTPPage
2022-07-05 15:06:37 -  - TIME SearchModulesEx(request) 3.333 sec
2022-07-05 15:06:37 -  - exec CUpdateClientPartner::ParseServerData
2022-07-05 15:07:40 -  - exec CUpdateClientPartner::LoadModulesUpdates
2022-07-05 15:07:40 -  - exec CUpdateClientPartner::__CollectRequestData
2022-07-05 15:07:40 -  - utf=Y&lang=ru&stable=Y&CANGZIP=Y&SUPD_DBS=MYSQL&XE=N&CLIENT_SITE=newsite&LICENSE_KEY=X&SUPD_STS=1&SUPD_URS=0&SUPD_URSA=1&TYPENC=D&CLIENT_PHPVER=8.0.18&NGINX=Y&dbv=8.0.29&instm=main%2C22.0.300%2CY%3Bb24connector%2C21.100.0%2CN%3Bbitrix.sitecorporate%2C15.5.0%2CN%3Bbitrixcloud%2C22.0.0%2CN%3Bclouds%2C22.0.0%2CN%3Bfileman%2C22.0.0%2CN%3Bhighloadblock%2C22.200.0%2CN%3Biblock%2C21.800.300%2CN%3Blanding%2C21.1300.200%2CN%3Bmessageservice%2C22.200.100%2CN%3Bperfmon%2C21.0.0%2CN%3Brest%2C22.0.100%2CN%3Bsearch%2C22.0.0%2CN%3Bseo%2C22.0.200%2CN%3Bsocialservices%2C22.0.250%2CN%3Btranslate%2C21.100.0%2CN%3Bui%2C22.400.50%2CN&reqm=nsandrey.emptyinstall&lim=Y&SUPD_SRS=RU&SUPD_CMP=N
2022-07-05 15:07:40 -  - exec CUpdateClientPartner::GetHTTPPage
2022-07-05 15:07:44 -  - TIME LoadModulesUpdates(request) 3.196 sec
2022-07-05 15:07:44 -  - exec CUpdateClientPartner::ParseServerData
2022-07-05 15:07:44 - S - STEP
2022-07-05 15:07:44 - LM4W01 - loadModule4Wizard-Step
2022-07-05 15:07:44 -  - exec CUpdateClientPartner::LoadModulesUpdates
2022-07-05 15:07:44 -  - exec CUpdateClientPartner::ParseServerData
2022-07-05 15:07:44 -  - loadFile
2022-07-05 15:07:48 - U - RETURN
2022-07-05 15:07:48 -  - exec CUpdateClientPartner::UnGzipArchive
2022-07-05 15:07:48 -  - TIME UnGzipArchive 0.039 sec
2022-07-05 15:07:48 -  - TIME UpdateStepModules 0.096 sec
2022-07-05 15:07:48 -  - exec CUpdateClientPartner::LoadModulesUpdates
2022-07-05 15:07:48 -  - exec CUpdateClientPartner::__CollectRequestData
2022-07-05 15:07:48 - Ux11 - Ошибка описания модуля "nsandrey.emptyinstall"
2022-07-05 15:07:48 - NCRD01 - [Ux11] Ошибка описания модуля "nsandrey.emptyinstall". 
2022-07-05 15:07:48 - LMU002 - [Ux11] Ошибка описания модуля "nsandrey.emptyinstall". 
2022-07-05 15:07:48 - LM4W02 - [Ux11] Ошибка описания модуля "nsandrey.emptyinstall". 
2022-07-05 15:12:15 - Ux11 - Ошибка описания модуля "nsandrey.emptyinstall"
2022-07-09 11:28:49 - Ux11 - Ошибка описания модуля "nsandrey.emptyinstall"
2022-07-10 12:26:15 - Ux11 - Ошибка описания модуля "nsandrey.emptyinstall"
2022-07-11 12:28:09 - Ux11 - Ошибка описания модуля "nsandrey.emptyinstall"
